The HCMV genome (EF99921) has 168 CDS.
target_id	pval	qval	test_stat
107	0.000119164234539767	0.0117093829168113	14.8058663288888
125	0.000140232130740256	0.0117093829168113	14.4990246483655
155	0.000369609280053321	0.0154311874422261	12.6798901698129
63	0.000309917340698531	0.0154311874422261	13.0094839327533
129	0.000588084748467873	0.0172288449428092	11.8133199295032
149	0.000722167153291402	0.0172288449428092	11.4313109283572
154	0.000707567748131834	0.0172288449428092	11.469261959256
152	0.000840429819276908	0.0175439724774055	11.1497503660432
64	0.00123271998392656	0.0228738041461928	10.4406482452047
98	0.00155811209263195	0.0260204719469535	10.0085965855827
110	0.00385374178745047	0.0440877450176177	8.35147586450072
138	0.00395997709739081	0.0440877450176177	8.30207670055876
22	0.00328221113267218	0.0440877450176177	8.64355078309844
9	0.00374865309033353	0.0440877450176177	8.40172409427908
99	0.00341531153068117	0.0440877450176177	8.5711511482984
10	0.00475732768397104	0.0496546077014477	7.96945436003376
Donor 1 (2dpi) had 4518574 read pairs before Bowtie2 filtering and 3336597 read pairs after.
Donor 1 (6dpi) had 4009060 read pairs before Bowtie2 filtering and 2599735 read pairs after.
Donor 3 (2dpi) had 5460516 read pairs before Bowtie2 filtering and 3983409 read pairs after.
Donor 3 (6dpi) had 4953778 read pairs before Bowtie2 filtering and 2687368 read pairs after.
spades -k 55,77,99,127 -t 2 --only-assembler -s SRR5660030map.fastq -s SRR5660033map.fastq -s SRR5660044map.fastq -s SRR5660045map.fastq -o /home/amulford/mini_project/
There are 58 contigs > 1000 bp in the assembly.
There are 109014 bp in the assembly.
seq_title	align_len	number_HSPs	topHSP_ident	topHSP_gaps	topHSP_bits	topHSP_expect
gi|326899843|gb|JF519577.1| Uncultured Pezizomycotina clone RELIS_G6_E04 18S ribosomal RNA gene, partial sequence; internal transcribed spacer 1, 5.8S ribosomal RNA gene, and internal transcribed spacer 2, complete sequence; and 28S ribosomal RNA gene, partial sequence	1141	1	25	0	40.9604	0.265573
gi|326899792|gb|JF519526.1| Uncultured Pezizomycotina clone RELIS_G5_H09 18S ribosomal RNA gene, partial sequence; internal transcribed spacer 1, 5.8S ribosomal RNA gene, and internal transcribed spacer 2, complete sequence; and 28S ribosomal RNA gene, partial sequence	1141	1	25	0	40.9604	0.265573
gi|326899466|gb|JF519200.1| Uncultured Pezizomycotina clone RELIS_K5_D06 18S ribosomal RNA gene, partial sequence; internal transcribed spacer 1, 5.8S ribosomal RNA gene, and internal transcribed spacer 2, complete sequence; and 28S ribosomal RNA gene, partial sequence	1456	1	25	0	40.9604	0.265573
gi|326899318|gb|JF519052.1| Uncultured Pezizomycotina clone RELIS_K1_D11 18S ribosomal RNA gene, partial sequence; internal transcribed spacer 1, 5.8S ribosomal RNA gene, and internal transcribed spacer 2, complete sequence; and 28S ribosomal RNA gene, partial sequence	1095	1	25	0	40.9604	0.265573
gi|222420101|emb|AM295250.1| Staphylococcus carnosus subsp. carnosus TM300 complete genome	2566424	3	24	0	39.157	0.926939
gi|322812550|pdb|3PYN|A Chain A, Crystal Structure Of A Complex Containing Domain 3 From The Psiv Igr Ires Rna Bound To The 70s Ribosome. This File Contains The 30s Subunit Of The First 70s Ribosome. >gi|322812603|pdb|3PYQ|A Chain A, Crystal Structure Of A Complex Containing Domain 3 From The Psiv Igr Ires Rna Bound To The 70s Ribosome. This File Contains The 30s Subunit Of The Second 70s Ribosome. >gi|322812656|pdb|3PYS|A Chain A, Crystal Structure Of A Complex Containing Domain 3 Of Crpv Igr Ires Rna Bound To The 70s Ribosome. This File Contains The 30s Subunit Of The First 70s Ribosome. >gi|322812709|pdb|3PYU|A Chain A, Crystal Structure Of A Complex Containing Domain 3 Of Crpv Igr Ires Rna Bound To The 70s Ribosome. This File Contains The 30s Subunit Of The Second 70s Ribosome.	1506	1	23	0	37.3537	3.23534
