The HCMV genome (EF99921) has 168 CDS.
target_id	pval	qval	test_stat
107	0.000119164234539767	0.0117093829168113	14.8058663288888
125	0.000140232130740256	0.0117093829168113	14.4990246483655
155	0.000369609280053321	0.0154311874422261	12.6798901698129
63	0.000309917340698531	0.0154311874422261	13.0094839327533
129	0.000588084748467873	0.0172288449428092	11.8133199295032
149	0.000722167153291402	0.0172288449428092	11.4313109283572
154	0.000707567748131834	0.0172288449428092	11.469261959256
152	0.000840429819276908	0.0175439724774055	11.1497503660432
64	0.00123271998392656	0.0228738041461928	10.4406482452047
98	0.00155811209263195	0.0260204719469535	10.0085965855827
110	0.00385374178745047	0.0440877450176177	8.35147586450072
138	0.00395997709739081	0.0440877450176177	8.30207670055876
22	0.00328221113267218	0.0440877450176177	8.64355078309844
9	0.00374865309033353	0.0440877450176177	8.40172409427908
99	0.00341531153068117	0.0440877450176177	8.5711511482984
10	0.00475732768397104	0.0496546077014477	7.96945436003376
Donor 1 (2dpi) had 2259287 read pairs before Bowtie2 filtering and 1312790 read pairs after.
Donor 1 (6dpi) had 2004530 read pairs before Bowtie2 filtering and 1041195 read pairs after.
Donor 3 (2dpi) had 2730258 read pairs before Bowtie2 filtering and 1764133 read pairs after.
Donor 3 (6dpi) had 2476889 read pairs before Bowtie2 filtering and 1216629 read pairs after.
spades -k 55,77,99,127 -t 2 --only-assembler --pe1-1 SRR5660030.1.fastq --pe1-2 SRR5660030.2.fastq --pe2-1 SRR5660033.1.fastq --pe2-2 SRR5660033.2.fastq --pe3-1 SRR5660044.1.fastq --pe3-2 SRR5660044.2.fastq --pe4-1 SRR5660045.1.fastq --pe4-2 SRR5660045.2.fastq -o /home/amulford/mini_project/
There are 65 contigs > 1000 bp in the assembly.
There are 133317 bp in the assembly.
seq_title	align_len	number_HSPs	topHSP_ident	topHSP_gaps	topHSP_bits	topHSP_expect
gi|1273125815|gb|MF871618.1| Synthetic human betaherpesvirus 5 clone TB40-BAC-KL7-SE, complete sequence	242896	77	6753	0	12179.4	0.0
gi|523510377|gb|KF297339.1| Human herpesvirus 5 strain TB40/E clone Lisa, complete genome	237683	75	6753	0	12179.4	0.0
gi|157779983|gb|EF999921.1| Human herpesvirus 5 strain TB40/E clone TB40-BAC4, complete sequence	229050	75	6753	0	12179.4	0.0
gi|1098408701|gb|KX544839.1| Human herpesvirus 5 isolate TB40-E_UNC, complete genome	228992	75	6751	2	12163.2	0.0
gi|1131740114|gb|KT726951.2| Human betaherpesvirus 5 strain UK/Lon8/Urine/2012, complete genome	235801	75	6749	0	12161.4	0.0
gi|822894182|gb|KP745676.1| Human herpesvirus 5 strain BE/28/2010, complete genome	235974	74	6743	0	12134.4	0.0
gi|1145593888|gb|KY490080.1| Human betaherpesvirus 5 strain HANSCTR1B, complete genome	235688	75	6742	0	12129.8	0.0
gi|586832780|gb|KJ361947.1| Human herpesvirus 5 strain 2CEN5, complete genome	235567	75	6742	0	12129.8	0.0
gi|822899298|gb|KP745692.1| Human herpesvirus 5 strain BE/3/2012, complete genome	236051	75	6742	0	12129.8	0.0
gi|822893356|gb|KP745673.1| Human herpesvirus 5 strain BE/42/2011, complete genome	235462	75	6742	0	12129.8	0.0
